c:\users\jeremy\desktop\coding\minixproject\vcminix\debug\minix.pch
c:\users\jeremy\desktop\coding\minixproject\vcminix\debug\vc142.pdb
c:\users\jeremy\desktop\coding\minixproject\vcminix\debug\vc142.idb
c:\users\jeremy\desktop\coding\minixproject\vcminix\debug\stdafx.obj
c:\users\jeremy\desktop\coding\minixproject\vcminix\debug\minix.obj
c:\users\jeremy\desktop\coding\minixproject\vcminix\debug\versioninfo.obj
c:\users\jeremy\desktop\coding\minixproject\vcminix\debug\sxbutton.obj
c:\users\jeremy\desktop\coding\minixproject\vcminix\debug\colorcontrols.obj
c:\users\jeremy\desktop\coding\minixproject\vcminix\debug\minixdlg.obj
c:\users\jeremy\desktop\coding\minixproject\vcminix\debug\minixctrl.exe
c:\users\jeremy\desktop\coding\minixproject\vcminix\debug\minixctrl.ilk
c:\users\jeremy\desktop\coding\minixproject\vcminix\debug\minix.pdb
c:\users\jeremy\desktop\coding\minixproject\vcminix\debug\minix.res
c:\users\jeremy\desktop\coding\minixproject\vcminix\debug\minixctrl.tlog\cl.command.1.tlog
c:\users\jeremy\desktop\coding\minixproject\vcminix\debug\minixctrl.tlog\cl.read.1.tlog
c:\users\jeremy\desktop\coding\minixproject\vcminix\debug\minixctrl.tlog\cl.write.1.tlog
c:\users\jeremy\desktop\coding\minixproject\vcminix\debug\minixctrl.tlog\link.command.1.tlog
c:\users\jeremy\desktop\coding\minixproject\vcminix\debug\minixctrl.tlog\link.read.1.tlog
c:\users\jeremy\desktop\coding\minixproject\vcminix\debug\minixctrl.tlog\link.write.1.tlog
c:\users\jeremy\desktop\coding\minixproject\vcminix\debug\minixctrl.tlog\rc.command.1.tlog
c:\users\jeremy\desktop\coding\minixproject\vcminix\debug\minixctrl.tlog\rc.read.1.tlog
c:\users\jeremy\desktop\coding\minixproject\vcminix\debug\minixctrl.tlog\rc.write.1.tlog
